<?xml version="1.0" encoding="UTF-8"?>
<!-- Generated by org.testng.reporters.JUnitReportReporter -->
<testsuite hostname="LAPTOP-OG1LLLJG" failures="0" tests="2" name="Runner_Script.Runner_Class" time="9.701" errors="0" timestamp="2024-03-07T09:37:49 IST" skipped="0">
  <testcase classname="Runner_Script.Runner_Class" name="login" time="4.170"/>
  <system-out/>
  <testcase classname="Runner_Script.Runner_Class" name="login" time="5.531"/>
  <system-out/>
</testsuite> <!-- Runner_Script.Runner_Class -->
